2026-04-07 16:33:21,082 [INFO] 📅 수집 대상 날짜 (1일분 - 평일만): ['2026-04-03']
2026-04-07 16:33:21,083 [WARNING] 📍 기본 시군구 코드를 사용합니다.
2026-04-07 16:33:22,829 [INFO] 🚀 [2026-04-03] 데이터 수집 시작
2026-04-07 16:55:10,513 [INFO] 📅 수집 대상 날짜 (1일분 - 평일만): ['2026-04-03']
2026-04-07 16:55:10,514 [WARNING] 📍 기본 시군구 코드를 사용합니다.
2026-04-07 16:55:12,012 [INFO] 🚀 [2026-04-03] 데이터 수집 시작
2026-04-07 16:55:32,518 [INFO] 📅 수집 대상 날짜 (1일분 - 평일만): ['2026-04-03']
2026-04-07 16:55:32,518 [WARNING] 📍 기본 시군구 코드를 사용합니다.
2026-04-07 16:55:33,762 [INFO] 🚀 [2026-04-03] 데이터 수집 시작
2026-04-07 16:55:33,763 [INFO] ⏭️ Skipping (Completed): 2026-04-03 ID_1 3120000
2026-04-07 16:55:33,763 [INFO] ⏭️ Skipping (Completed): 2026-04-03 ID_1 3000000
2026-04-07 16:55:33,763 [INFO] ⏭️ Skipping (Completed): 2026-04-03 ID_1 3010000
2026-04-07 16:55:33,763 [INFO] ⏭️ Skipping (Completed): 2026-04-03 ID_1 3020000
2026-04-07 16:55:33,763 [INFO] ⏭️ Skipping (Completed): 2026-04-03 ID_1 3080000
2026-04-07 16:55:33,763 [INFO] ⏭️ Skipping (Completed): 2026-04-03 ID_1 3940000
2026-04-07 16:55:33,763 [INFO] ⏭️ Skipping (Completed): 2026-04-03 ID_1 3820000
2026-04-07 16:55:33,763 [INFO] ⏭️ Skipping (Completed): 2026-04-03 ID_1 3990000
2026-04-07 16:55:33,763 [INFO] ⏭️ Skipping (Completed): 2026-04-03 ID_1 4201000
2026-04-07 16:55:33,763 [INFO] ⏭️ Skipping (Completed): 2026-04-03 ID_1 4191000
2026-04-07 16:55:33,764 [INFO] ⏭️ Skipping (Completed): 2026-04-03 ID_2 3120000
2026-04-09 09:50:46,820 [INFO] 📅 수집 대상 날짜 (1일분, Force=False): ['2026-04-08']
2026-04-09 09:50:46,821 [WARNING] 📍 기본 시군구 코드를 사용합니다.
2026-04-09 09:50:48,302 [INFO] 🚀 [2026-04-08] 데이터 수집 시작
2026-04-09 10:00:07,626 [INFO] 📅 수집 대상 날짜 (1일분, Force=False): ['2026-04-07']
2026-04-09 10:00:07,626 [WARNING] 📍 기본 시군구 코드를 사용합니다.
2026-04-09 10:00:09,110 [INFO] 🚀 [2026-04-07] 데이터 수집 시작
2026-04-09 10:21:34,614 [INFO] 📅 수집 대상 날짜 (1일분, Force=False): ['2026-04-07']
2026-04-09 10:21:34,615 [WARNING] 📍 기본 시군구 코드를 사용합니다.
2026-04-09 10:21:36,125 [INFO] 🚀 [2026-04-07] 데이터 수집 시작
2026-04-09 10:21:36,126 [INFO] ⏭️ Skipping (Completed): 2026-04-07 ID_1 3120000
2026-04-09 10:21:36,126 [INFO] ⏭️ Skipping (Completed): 2026-04-07 ID_1 3000000
2026-04-09 10:21:36,126 [INFO] ⏭️ Skipping (Completed): 2026-04-07 ID_1 3010000
2026-04-09 10:21:36,126 [INFO] ⏭️ Skipping (Completed): 2026-04-07 ID_1 3020000
2026-04-09 10:21:36,126 [INFO] ⏭️ Skipping (Completed): 2026-04-07 ID_1 3080000
2026-04-09 10:21:36,126 [INFO] ⏭️ Skipping (Completed): 2026-04-07 ID_1 3940000
2026-04-09 10:21:36,126 [INFO] ⏭️ Skipping (Completed): 2026-04-07 ID_1 3820000
2026-04-09 10:21:36,126 [INFO] ⏭️ Skipping (Completed): 2026-04-07 ID_1 3990000
2026-04-09 10:21:36,126 [INFO] ⏭️ Skipping (Completed): 2026-04-07 ID_1 4201000
2026-04-09 10:21:36,126 [INFO] ⏭️ Skipping (Completed): 2026-04-07 ID_1 4191000
2026-04-09 10:21:36,126 [INFO] ⏭️ Skipping (Completed): 2026-04-07 ID_2 3120000
2026-04-09 10:21:36,127 [INFO] ⏭️ Skipping (Completed): 2026-04-07 ID_2 3000000
2026-04-09 10:21:36,127 [INFO] ⏭️ Skipping (Completed): 2026-04-07 ID_2 3010000
2026-04-09 10:21:36,127 [INFO] ⏭️ Skipping (Completed): 2026-04-07 ID_2 3020000
2026-04-09 10:21:36,127 [INFO] ⏭️ Skipping (Completed): 2026-04-07 ID_2 3080000
2026-04-09 10:21:36,127 [INFO] ⏭️ Skipping (Completed): 2026-04-07 ID_2 3940000
2026-04-09 10:21:36,127 [INFO] ⏭️ Skipping (Completed): 2026-04-07 ID_2 3820000
2026-04-09 10:21:36,127 [INFO] ⏭️ Skipping (Completed): 2026-04-07 ID_2 3990000
2026-04-09 10:21:36,127 [INFO] ⏭️ Skipping (Completed): 2026-04-07 ID_2 4201000
2026-04-09 10:21:36,127 [INFO] ⏭️ Skipping (Completed): 2026-04-07 ID_2 4191000
2026-04-09 10:21:36,127 [INFO] ⏭️ Skipping (Completed): 2026-04-07 ID_3 3120000
2026-04-09 10:21:36,127 [INFO] ⏭️ Skipping (Completed): 2026-04-07 ID_3 3000000
2026-04-09 10:21:36,127 [INFO] ⏭️ Skipping (Completed): 2026-04-07 ID_3 3010000
2026-04-09 10:21:36,127 [INFO] ⏭️ Skipping (Completed): 2026-04-07 ID_3 3020000
2026-04-09 10:21:36,127 [INFO] ⏭️ Skipping (Completed): 2026-04-07 ID_3 3080000
2026-04-09 10:21:36,127 [INFO] ⏭️ Skipping (Completed): 2026-04-07 ID_3 3940000
2026-04-09 10:21:36,127 [INFO] ⏭️ Skipping (Completed): 2026-04-07 ID_3 3820000
2026-04-09 10:21:36,127 [INFO] ⏭️ Skipping (Completed): 2026-04-07 ID_3 3990000
2026-04-09 10:21:36,127 [INFO] ⏭️ Skipping (Completed): 2026-04-07 ID_3 4201000
2026-04-09 10:21:36,127 [INFO] ⏭️ Skipping (Completed): 2026-04-07 ID_3 4191000
2026-04-09 10:21:36,127 [INFO] ⏭️ Skipping (Completed): 2026-04-07 ID_4 3120000
2026-04-09 10:21:36,127 [INFO] ⏭️ Skipping (Completed): 2026-04-07 ID_4 3000000
2026-04-09 10:21:36,127 [INFO] ⏭️ Skipping (Completed): 2026-04-07 ID_4 3010000
2026-04-09 10:21:36,127 [INFO] ⏭️ Skipping (Completed): 2026-04-07 ID_4 3020000
2026-04-09 10:21:36,127 [INFO] ⏭️ Skipping (Completed): 2026-04-07 ID_4 3080000
2026-04-09 10:21:36,128 [INFO] ⏭️ Skipping (Completed): 2026-04-07 ID_4 3940000
2026-04-09 10:21:36,128 [INFO] ⏭️ Skipping (Completed): 2026-04-07 ID_4 3820000
2026-04-09 10:21:36,128 [INFO] ⏭️ Skipping (Completed): 2026-04-07 ID_4 3990000
2026-04-09 10:21:36,128 [INFO] ⏭️ Skipping (Completed): 2026-04-07 ID_4 4201000
2026-04-09 10:21:36,128 [INFO] ⏭️ Skipping (Completed): 2026-04-07 ID_4 4191000
2026-04-09 10:21:36,128 [INFO] ⏭️ Skipping (Completed): 2026-04-07 ID_5 3120000
2026-04-09 10:21:36,128 [INFO] ⏭️ Skipping (Completed): 2026-04-07 ID_5 3000000
2026-04-09 10:21:36,128 [INFO] ⏭️ Skipping (Completed): 2026-04-07 ID_5 3010000
2026-04-09 10:21:36,128 [INFO] ⏭️ Skipping (Completed): 2026-04-07 ID_5 3020000
2026-04-09 10:21:36,128 [INFO] ⏭️ Skipping (Completed): 2026-04-07 ID_5 3080000
2026-04-09 10:21:36,128 [INFO] ⏭️ Skipping (Completed): 2026-04-07 ID_5 3940000
2026-04-09 10:21:36,128 [INFO] ⏭️ Skipping (Completed): 2026-04-07 ID_5 3820000
2026-04-09 10:21:36,128 [INFO] ⏭️ Skipping (Completed): 2026-04-07 ID_5 3990000
2026-04-09 10:21:36,128 [INFO] ⏭️ Skipping (Completed): 2026-04-07 ID_5 4201000
2026-04-09 10:21:36,128 [INFO] ⏭️ Skipping (Completed): 2026-04-07 ID_5 4191000
2026-04-09 10:21:36,128 [INFO] ⏭️ Skipping (Completed): 2026-04-07 ID_6 3120000
2026-04-09 10:21:36,128 [INFO] ⏭️ Skipping (Completed): 2026-04-07 ID_6 3000000
2026-04-09 10:21:36,128 [INFO] ⏭️ Skipping (Completed): 2026-04-07 ID_6 3010000
2026-04-09 10:21:36,128 [INFO] ⏭️ Skipping (Completed): 2026-04-07 ID_6 3020000
2026-04-09 10:21:36,128 [INFO] ⏭️ Skipping (Completed): 2026-04-07 ID_6 3080000
2026-04-09 10:21:36,128 [INFO] ⏭️ Skipping (Completed): 2026-04-07 ID_6 3940000
2026-04-09 10:21:36,128 [INFO] ⏭️ Skipping (Completed): 2026-04-07 ID_6 3820000
2026-04-09 10:21:36,128 [INFO] ⏭️ Skipping (Completed): 2026-04-07 ID_6 3990000
2026-04-09 10:21:36,128 [INFO] ⏭️ Skipping (Completed): 2026-04-07 ID_6 4201000
2026-04-09 10:21:36,129 [INFO] ⏭️ Skipping (Completed): 2026-04-07 ID_6 4191000
2026-04-09 10:21:36,129 [INFO] ⏭️ Skipping (Completed): 2026-04-07 ID_7 3120000
2026-04-09 10:21:36,129 [INFO] ⏭️ Skipping (Completed): 2026-04-07 ID_7 3000000
2026-04-09 10:21:36,129 [INFO] ⏭️ Skipping (Completed): 2026-04-07 ID_7 3010000
2026-04-09 10:21:36,129 [INFO] ⏭️ Skipping (Completed): 2026-04-07 ID_7 3020000
2026-04-09 10:21:36,129 [INFO] ⏭️ Skipping (Completed): 2026-04-07 ID_7 3080000
2026-04-09 10:21:36,129 [INFO] ⏭️ Skipping (Completed): 2026-04-07 ID_7 3940000
2026-04-09 10:21:36,129 [INFO] ⏭️ Skipping (Completed): 2026-04-07 ID_7 3820000
2026-04-09 10:21:36,129 [INFO] ⏭️ Skipping (Completed): 2026-04-07 ID_7 3990000
2026-04-09 10:21:36,129 [INFO] ⏭️ Skipping (Completed): 2026-04-07 ID_7 4201000
2026-04-09 10:21:36,129 [INFO] ⏭️ Skipping (Completed): 2026-04-07 ID_7 4191000
2026-04-09 10:21:36,129 [INFO] ⏭️ Skipping (Completed): 2026-04-07 ID_8 3120000
2026-04-09 10:21:36,129 [INFO] ⏭️ Skipping (Completed): 2026-04-07 ID_8 3000000
2026-04-09 10:21:36,129 [INFO] ⏭️ Skipping (Completed): 2026-04-07 ID_8 3010000
2026-04-09 10:21:36,129 [INFO] ⏭️ Skipping (Completed): 2026-04-07 ID_8 3020000
2026-04-09 10:21:36,129 [INFO] ⏭️ Skipping (Completed): 2026-04-07 ID_8 3080000
2026-04-09 10:21:36,130 [INFO] ⏭️ Skipping (Completed): 2026-04-07 ID_8 3940000
2026-04-09 10:21:36,130 [INFO] ⏭️ Skipping (Completed): 2026-04-07 ID_8 3820000
2026-04-09 10:21:36,130 [INFO] ⏭️ Skipping (Completed): 2026-04-07 ID_8 3990000
2026-04-09 10:21:36,130 [INFO] ⏭️ Skipping (Completed): 2026-04-07 ID_8 4201000
2026-04-09 10:21:36,130 [INFO] ⏭️ Skipping (Completed): 2026-04-07 ID_8 4191000
2026-04-09 10:21:36,130 [INFO] ⏭️ Skipping (Completed): 2026-04-07 ID_9 3120000
2026-04-09 10:21:36,130 [INFO] ⏭️ Skipping (Completed): 2026-04-07 ID_9 3000000
2026-04-09 10:21:36,130 [INFO] ⏭️ Skipping (Completed): 2026-04-07 ID_9 3010000
2026-04-09 10:21:36,130 [INFO] ⏭️ Skipping (Completed): 2026-04-07 ID_9 3020000
2026-04-09 10:21:36,130 [INFO] ⏭️ Skipping (Completed): 2026-04-07 ID_9 3080000
2026-04-09 10:21:36,130 [INFO] ⏭️ Skipping (Completed): 2026-04-07 ID_9 3940000
2026-04-09 10:21:36,130 [INFO] ⏭️ Skipping (Completed): 2026-04-07 ID_9 3820000
2026-04-09 10:21:36,130 [INFO] ⏭️ Skipping (Completed): 2026-04-07 ID_9 3990000
2026-04-09 10:21:36,130 [INFO] ⏭️ Skipping (Completed): 2026-04-07 ID_9 4201000
2026-04-09 10:21:36,130 [INFO] ⏭️ Skipping (Completed): 2026-04-07 ID_9 4191000
2026-04-09 10:21:36,130 [INFO] ⏭️ Skipping (Completed): 2026-04-07 ID_10 3120000
2026-04-09 10:21:36,130 [INFO] ⏭️ Skipping (Completed): 2026-04-07 ID_10 3000000
2026-04-09 10:21:36,130 [INFO] ⏭️ Skipping (Completed): 2026-04-07 ID_10 3010000
2026-04-09 10:21:36,130 [INFO] ⏭️ Skipping (Completed): 2026-04-07 ID_10 3020000
2026-04-09 10:21:36,130 [INFO] ⏭️ Skipping (Completed): 2026-04-07 ID_10 3080000
2026-04-09 10:21:36,130 [INFO] ⏭️ Skipping (Completed): 2026-04-07 ID_10 3940000
2026-04-09 10:21:36,130 [INFO] ⏭️ Skipping (Completed): 2026-04-07 ID_10 3820000
2026-04-09 10:21:36,130 [INFO] ⏭️ Skipping (Completed): 2026-04-07 ID_10 3990000
2026-04-09 10:21:36,130 [INFO] ⏭️ Skipping (Completed): 2026-04-07 ID_10 4201000
2026-04-09 10:21:36,130 [INFO] ⏭️ Skipping (Completed): 2026-04-07 ID_10 4191000
2026-04-09 10:21:36,131 [INFO] ⏭️ Skipping (Completed): 2026-04-07 ID_11 3120000
2026-04-09 10:21:36,131 [INFO] ⏭️ Skipping (Completed): 2026-04-07 ID_11 3000000
2026-04-09 10:21:36,131 [INFO] ⏭️ Skipping (Completed): 2026-04-07 ID_11 3010000
2026-04-09 10:21:36,131 [INFO] ⏭️ Skipping (Completed): 2026-04-07 ID_11 3020000
2026-04-09 10:21:36,131 [INFO] ⏭️ Skipping (Completed): 2026-04-07 ID_11 3080000
2026-04-09 10:21:36,131 [INFO] ⏭️ Skipping (Completed): 2026-04-07 ID_11 3940000
2026-04-09 10:21:36,131 [INFO] ⏭️ Skipping (Completed): 2026-04-07 ID_11 3820000
2026-04-09 10:21:36,131 [INFO] ⏭️ Skipping (Completed): 2026-04-07 ID_11 3990000
2026-04-09 10:21:36,131 [INFO] ⏭️ Skipping (Completed): 2026-04-07 ID_11 4201000
2026-04-09 10:21:36,131 [INFO] ⏭️ Skipping (Completed): 2026-04-07 ID_11 4191000
2026-04-09 10:21:36,131 [INFO] ⏭️ Skipping (Completed): 2026-04-07 ID_12 3120000
2026-04-09 10:21:36,131 [INFO] ⏭️ Skipping (Completed): 2026-04-07 ID_12 3000000
2026-04-10 11:11:46,447 [INFO] 📅 수집 대상 날짜 (1일분, Force=True): ['2026-04-09']
2026-04-10 11:11:46,449 [WARNING] 📍 기본 시군구 코드를 사용합니다.
2026-04-10 11:11:48,030 [INFO] 🚀 [2026-04-09] 데이터 수집 시작
2026-04-10 11:16:08,342 [INFO] 🏁 [2026-04-09] 수집 종료 (총 0건)
2026-04-10 11:16:08,345 [WARNING] ⚠️ [2026-04-09~2026-04-09] 기간 동안 신규 변동 데이터가 없습니다.
2026-04-10 11:16:11,723 [INFO] Done.
