2026-03-31 09:19:53,493 [INFO] ==========================================
2026-03-31 09:19:53,493 [INFO] 매일 자동 동기화 시작: 2026-03-31 09:19:53
2026-03-31 09:19:53,493 [INFO] 1단계: 데이터 추출 엔진 가동 (daily_fetch.py)...
2026-03-31 09:20:52,337 [INFO] 성공: python3... 완료
2026-03-31 09:20:52,339 [INFO] 2단계: 깃허브 자동 커밋 및 푸시...
2026-03-31 09:20:52,369 [ERROR] 실패: git add .
Error: fatal: not a git repository (or any of the parent directories): .git

2026-03-31 09:20:52,383 [ERROR] 실패: git commit -m "Auto-Update: Daily License Data (2026-03-31)"
Error: fatal: not a git repository (or any of the parent directories): .git

2026-03-31 09:20:52,384 [INFO] ℹ️ 변경된 데이터가 없어 커밋을 스킵합니다.
2026-03-31 09:20:52,384 [INFO] 4단계: 결과 리포트 이메일 전송 시도...
2026-04-10 11:18:39,772 [INFO] ==========================================
2026-04-10 11:18:39,772 [INFO] 매일 자동 동기화 시작: 2026-04-10 11:18:39
2026-04-10 11:18:39,772 [INFO] 1단계: 데이터 추출 엔진 가동 (daily_fetch.py)...
2026-04-10 11:24:45,382 [INFO] 성공: python3... 완료
2026-04-10 11:24:45,385 [INFO] 2단계: 깃허브 자동 커밋 및 푸시...
2026-04-10 11:24:45,446 [INFO] 성공: git... 완료
2026-04-10 11:24:45,491 [INFO] 성공: git... 완료
2026-04-10 11:24:45,491 [INFO] 3단계: 로컬 깃허브 원격 저장소로 푸시 중... (GitHub Actions에서는 자동 처리되므로 로컬 전용입니다)
2026-04-10 11:24:46,234 [ERROR] 실패: git push origin main
Error: To https://github.com/bough38-web/LOCALDATA_NOWMON_CSV_API.git
 ! [rejected]        main -> main (fetch first)
error: failed to push some refs to 'https://github.com/bough38-web/LOCALDATA_NOWMON_CSV_API.git'
hint: Updates were rejected because the remote contains work that you do not
hint: have locally. This is usually caused by another repository pushing to
hint: the same ref. If you want to integrate the remote changes, use
hint: 'git pull' before pushing again.
hint: See the 'Note about fast-forwards' in 'git push --help' for details.

2026-04-10 11:24:46,234 [ERROR] 푸시 실패. 네트워크 상태나 로컬 깃 권한을 확인하세요.
2026-04-10 11:24:46,234 [INFO] 4단계: 결과 리포트 이메일 전송 시도...
